0 info it worked if it ends with ok
1 verbose cli [ '/usr/bin/nodejs',
1 verbose cli   '/usr/bin/npm',
1 verbose cli   'install',
1 verbose cli   '-S',
1 verbose cli   'react',
1 verbose cli   'react-dom' ]
2 info using npm@1.3.10
3 info using node@v0.10.25
4 warn package.json React-01@0.0.0 No repository field.
5 verbose readDependencies using package.json deps
6 verbose cache add [ 'react', null ]
7 verbose cache add name=undefined spec="react" args=["react",null]
8 verbose parsed url { protocol: null,
8 verbose parsed url   slashes: null,
8 verbose parsed url   auth: null,
8 verbose parsed url   host: null,
8 verbose parsed url   port: null,
8 verbose parsed url   hostname: null,
8 verbose parsed url   hash: null,
8 verbose parsed url   search: null,
8 verbose parsed url   query: null,
8 verbose parsed url   pathname: 'react',
8 verbose parsed url   path: 'react',
8 verbose parsed url   href: 'react' }
9 verbose cache add [ 'react-dom', null ]
10 verbose cache add name=undefined spec="react-dom" args=["react-dom",null]
11 verbose parsed url { protocol: null,
11 verbose parsed url   slashes: null,
11 verbose parsed url   auth: null,
11 verbose parsed url   host: null,
11 verbose parsed url   port: null,
11 verbose parsed url   hostname: null,
11 verbose parsed url   hash: null,
11 verbose parsed url   search: null,
11 verbose parsed url   query: null,
11 verbose parsed url   pathname: 'react-dom',
11 verbose parsed url   path: 'react-dom',
11 verbose parsed url   href: 'react-dom' }
12 silly lockFile 6b810c90-react react
13 verbose lock react /home/pc1pabnuevo/.npm/6b810c90-react.lock
14 silly lockFile 7ddbc806-react-dom react-dom
15 verbose lock react-dom /home/pc1pabnuevo/.npm/7ddbc806-react-dom.lock
16 silly lockFile 6b810c90-react react
17 silly lockFile 6b810c90-react react
18 silly lockFile 7ddbc806-react-dom react-dom
19 silly lockFile 7ddbc806-react-dom react-dom
20 verbose addNamed [ 'react', '' ]
21 verbose addNamed [ null, '*' ]
22 silly lockFile 0baa5bb3-react react@
23 verbose lock react@ /home/pc1pabnuevo/.npm/0baa5bb3-react.lock
24 verbose addNamed [ 'react-dom', '' ]
25 verbose addNamed [ null, '*' ]
26 silly lockFile 59defc87-react-dom react-dom@
27 verbose lock react-dom@ /home/pc1pabnuevo/.npm/59defc87-react-dom.lock
28 silly addNameRange { name: 'react', range: '*', hasData: false }
29 silly addNameRange { name: 'react-dom', range: '*', hasData: false }
30 verbose url raw react
31 verbose url resolving [ 'https://registry.npmjs.org/', './react' ]
32 verbose url resolved https://registry.npmjs.org/react
33 info trying registry request attempt 1 at 06:57:01
34 http GET https://registry.npmjs.org/react
35 verbose url raw react-dom
36 verbose url resolving [ 'https://registry.npmjs.org/', './react-dom' ]
37 verbose url resolved https://registry.npmjs.org/react-dom
38 info trying registry request attempt 1 at 06:57:01
39 http GET https://registry.npmjs.org/react-dom
40 info retry will retry, error on last attempt: Error: CERT_UNTRUSTED
41 info retry will retry, error on last attempt: Error: CERT_UNTRUSTED
42 info trying registry request attempt 2 at 06:57:11
43 http GET https://registry.npmjs.org/react
44 info trying registry request attempt 2 at 06:57:11
45 http GET https://registry.npmjs.org/react-dom
46 info retry will retry, error on last attempt: Error: CERT_UNTRUSTED
47 info retry will retry, error on last attempt: Error: CERT_UNTRUSTED
48 info trying registry request attempt 3 at 06:58:12
49 http GET https://registry.npmjs.org/react-dom
50 info trying registry request attempt 3 at 06:58:12
51 http GET https://registry.npmjs.org/react
52 silly lockFile 0baa5bb3-react react@
53 silly lockFile 0baa5bb3-react react@
54 error Error: CERT_UNTRUSTED
54 error     at SecurePair.<anonymous> (tls.js:1370:32)
54 error     at SecurePair.EventEmitter.emit (events.js:92:17)
54 error     at SecurePair.maybeInitFinished (tls.js:982:10)
54 error     at CleartextStream.read [as _read] (tls.js:469:13)
54 error     at CleartextStream.Readable.read (_stream_readable.js:320:10)
54 error     at EncryptedStream.write [as _write] (tls.js:366:25)
54 error     at doWrite (_stream_writable.js:223:10)
54 error     at writeOrBuffer (_stream_writable.js:213:5)
54 error     at EncryptedStream.Writable.write (_stream_writable.js:180:11)
54 error     at write (_stream_readable.js:583:24)
54 error     at flow (_stream_readable.js:592:7)
54 error     at Socket.pipeOnReadable (_stream_readable.js:624:5)
55 error If you need help, you may report this log at:
55 error     <http://github.com/isaacs/npm/issues>
55 error or email it to:
55 error     <npm-@googlegroups.com>
56 error System Linux 3.19.0-25-generic
57 error command "/usr/bin/nodejs" "/usr/bin/npm" "install" "-S" "react" "react-dom"
58 error cwd /home/pc1pabnuevo/Documentos/react/React-01
59 error node -v v0.10.25
60 error npm -v 1.3.10
61 verbose exit [ 1, true ]
